2024-06-17T10:25:46+00:00 DEBUG Mail send to 2
2024-06-17T10:25:51+00:00 DEBUG Mail send to 33
2024-06-17T10:25:51+00:00 DEBUG Sending process completed
2024-06-17T17:38:05+00:00 DEBUG Vendor Verification: Failed to send SMS. Error: Array
(
    [success] => 
    [message] => Invalid phone number.
)

2024-06-17T17:38:24+00:00 DEBUG Vendor Verification: Failed to send SMS. Error: Array
(
    [success] => 
    [message] => Invalid phone number.
)

2024-06-17T17:50:08+00:00 DEBUG Vendor Verification: Failed to send SMS. Error: Array
(
    [success] => 
    [message] => Số điện thoại không hợp lệ.
)

2024-06-17T17:50:14+00:00 DEBUG Vendor Verification: Failed to send SMS. Error: Array
(
    [success] => 
    [message] => Số điện thoại không hợp lệ.
)

2024-06-17T17:50:29+00:00 DEBUG Vendor Verification: Failed to send SMS. Error: Array
(
    [success] => 
    [message] => Số điện thoại không hợp lệ.
)

2024-06-17T17:50:42+00:00 DEBUG Vendor Verification: Failed to send SMS. Error: Array
(
    [success] => 
    [message] => Không thể gửi tin nhắn sms. Liên hệ với quản trị viên
)

2024-06-17T17:53:35+00:00 DEBUG Vendor Verification: Failed to send SMS. Error: Array
(
    [success] => 
    [message] => Không thể gửi tin nhắn sms. Liên hệ với quản trị viên
)

2024-06-17T17:53:36+00:00 DEBUG Vendor Verification: Failed to send SMS. Error: Array
(
    [success] => 
    [message] => Không thể gửi tin nhắn sms. Liên hệ với quản trị viên
)

